<?xml version="1.0" encoding="UTF-8"?>
<!-- Generated by org.testng.reporters.JUnitReportReporter -->
<testsuite hostname="Fayaz" name="fayaz.google.searchtest.GoogleSearch" tests="2" failures="0" timestamp="18 May 2020 14:39:49 GMT" time="10.679" errors="0">
  <testcase name="launchBrowser" time="7.791" classname="fayaz.google.searchtest.GoogleSearch"/>
  <testcase name="tearDown" time="2.888" classname="fayaz.google.searchtest.GoogleSearch"/>
</testsuite> <!-- fayaz.google.searchtest.GoogleSearch -->
