<?xml version="1.0" encoding="UTF-8"?>
<!-- Generated by org.testng.reporters.JUnitReportReporter -->
<testsuite hostname="Fayaz" name="fayaz.google.searchtest.GoogleSearch" tests="2" failures="0" timestamp="14 May 2020 19:08:44 GMT" time="8.809" errors="0">
  <testcase name="launchBrowser" time="5.939" classname="fayaz.google.searchtest.GoogleSearch"/>
  <testcase name="tearDown" time="2.870" classname="fayaz.google.searchtest.GoogleSearch"/>
</testsuite> <!-- fayaz.google.searchtest.GoogleSearch -->
